<?xml version="1.0" encoding="UTF-8"?>
<testng-results ignored="1" total="12" passed="9" failed="2" skipped="0">
  <reporter-output>
  </reporter-output>
  <suite started-at="2023-05-18T15:40:15 IST" name="IS Catalauge Automation Tests" finished-at="2023-05-18T15:42:56 IST" duration-ms="161955">
    <groups>
    </groups>
    <test started-at="2023-05-18T15:40:15 IST" name="Validating IS Catalauge Login page test" finished-at="2023-05-18T15:40:52 IST" duration-ms="37346">
      <class name="portfolio_test.user.TC01_UserLoginTest">
        <test-method is-config="true" signature="initialize()[pri:0, instance:portfolio_test.user.TC01_UserLoginTest@3d484181]" started-at="2023-05-18T15:40:15 IST" name="initialize" finished-at="2023-05-18T15:40:49 IST" duration-ms="33999" status="PASS">
          <reporter-output>
          </reporter-output>
        </test-method> <!-- initialize -->
        <test-method signature="loginPageTitleTest()[pri:1, instance:portfolio_test.user.TC01_UserLoginTest@3d484181]" started-at="2023-05-18T15:40:49 IST" name="loginPageTitleTest" finished-at="2023-05-18T15:40:52 IST" duration-ms="3061" status="PASS">
          <reporter-output>
          </reporter-output>
        </test-method> <!-- loginPageTitleTest -->
        <test-method is-config="true" signature="teardown()[pri:0, instance:portfolio_test.user.TC01_UserLoginTest@3d484181]" started-at="2023-05-18T15:40:52 IST" name="teardown" finished-at="2023-05-18T15:40:52 IST" duration-ms="247" status="PASS">
          <reporter-output>
          </reporter-output>
        </test-method> <!-- teardown -->
      </class> <!-- portfolio_test.user.TC01_UserLoginTest -->
    </test> <!-- Validating IS Catalauge Login page test -->
    <test started-at="2023-05-18T15:40:52 IST" name="Validating all links and pages present under Home page test" finished-at="2023-05-18T15:42:56 IST" duration-ms="124074">
      <class name="portfolio_test.user.TC02_HomePage">
        <test-method is-config="true" signature="initialize()[pri:0, instance:portfolio_test.user.TC02_HomePage@62fe6067]" started-at="2023-05-18T15:40:52 IST" name="initialize" finished-at="2023-05-18T15:41:28 IST" duration-ms="35124" status="PASS">
          <reporter-output>
          </reporter-output>
        </test-method> <!-- initialize -->
        <test-method signature="verifyHomepage()[pri:1, instance:portfolio_test.user.TC02_HomePage@62fe6067]" started-at="2023-05-18T15:41:28 IST" name="verifyHomepage" finished-at="2023-05-18T15:41:28 IST" duration-ms="7" status="PASS">
          <reporter-output>
          </reporter-output>
        </test-method> <!-- verifyHomepage -->
        <test-method signature="verifyCatalogueNavigatorOnHomepage()[pri:2, instance:portfolio_test.user.TC02_HomePage@62fe6067]" started-at="2023-05-18T15:41:28 IST" name="verifyCatalogueNavigatorOnHomepage" finished-at="2023-05-18T15:41:38 IST" duration-ms="10349" status="PASS">
          <reporter-output>
          </reporter-output>
        </test-method> <!-- verifyCatalogueNavigatorOnHomepage -->
        <test-method signature="verifyCustomerEvidenceSectionOnHomepage()[pri:3, instance:portfolio_test.user.TC02_HomePage@62fe6067]" started-at="2023-05-18T15:41:38 IST" name="verifyCustomerEvidenceSectionOnHomepage" finished-at="2023-05-18T15:41:43 IST" duration-ms="5205" status="PASS">
          <reporter-output>
          </reporter-output>
        </test-method> <!-- verifyCustomerEvidenceSectionOnHomepage -->
        <test-method signature="verifyViewCampaignPageOnHomepage()[pri:4, instance:portfolio_test.user.TC02_HomePage@62fe6067]" started-at="2023-05-18T15:41:43 IST" name="verifyViewCampaignPageOnHomepage" finished-at="2023-05-18T15:41:56 IST" duration-ms="13252" status="PASS">
          <reporter-output>
          </reporter-output>
        </test-method> <!-- verifyViewCampaignPageOnHomepage -->
        <test-method signature="verifyCloudTransitionServicesPageOnHomepage()[pri:5, instance:portfolio_test.user.TC02_HomePage@62fe6067]" started-at="2023-05-18T15:41:56 IST" name="verifyCloudTransitionServicesPageOnHomepage" finished-at="2023-05-18T15:42:08 IST" duration-ms="11154" status="PASS">
          <reporter-output>
          </reporter-output>
        </test-method> <!-- verifyCloudTransitionServicesPageOnHomepage -->
        <test-method signature="VerifyCloudManagementOperationsPageOnHomepage()[pri:6, instance:portfolio_test.user.TC02_HomePage@62fe6067]" started-at="2023-05-18T15:42:08 IST" name="VerifyCloudManagementOperationsPageOnHomepage" finished-at="2023-05-18T15:42:18 IST" duration-ms="10380" status="PASS">
          <reporter-output>
          </reporter-output>
        </test-method> <!-- VerifyCloudManagementOperationsPageOnHomepage -->
        <test-method signature="VerifyDataStrategyPageOnHomepage()[pri:7, instance:portfolio_test.user.TC02_HomePage@62fe6067]" started-at="2023-05-18T15:42:18 IST" name="VerifyDataStrategyPageOnHomepage" finished-at="2023-05-18T15:42:34 IST" duration-ms="16514" status="PASS">
          <reporter-output>
          </reporter-output>
        </test-method> <!-- VerifyDataStrategyPageOnHomepage -->
        <test-method signature="VerifyViewalltopoffersPageOnHomepage()[pri:8, instance:portfolio_test.user.TC02_HomePage@62fe6067]" started-at="2023-05-18T15:42:34 IST" name="VerifyViewalltopoffersPageOnHomepage" finished-at="2023-05-18T15:42:45 IST" duration-ms="10431" status="PASS">
          <reporter-output>
          </reporter-output>
        </test-method> <!-- VerifyViewalltopoffersPageOnHomepage -->
        <test-method signature="VerifyCustomerEvidenceSearchPageFromHomepage()[pri:9, instance:portfolio_test.user.TC02_HomePage@62fe6067]" started-at="2023-05-18T15:42:45 IST" name="VerifyCustomerEvidenceSearchPageFromHomepage" finished-at="2023-05-18T15:42:50 IST" duration-ms="5340" status="FAIL">
          <exception class="java.lang.NullPointerException">
            <message>
              <![CDATA[Cannot invoke "java.time.temporal.TemporalAmount.addTo(java.time.temporal.Temporal)" because "amountToAdd" is null]]>
            </message>
            <full-stacktrace>
              <![CDATA[java.lang.NullPointerException: Cannot invoke "java.time.temporal.TemporalAmount.addTo(java.time.temporal.Temporal)" because "amountToAdd" is null
at java.base/java.time.Instant.plus(Instant.java:790)
at org.openqa.selenium.support.ui.FluentWait.until(FluentWait.java:203)
at resources.Utilities.waitForElementToBeVisible(Utilities.java:147)
at pageObjects.HomePage.CustomerEvidenceSearchResultwaitForElementToBeVisible(HomePage.java:141)
at portfolio_test.user.TC02_HomePage.VerifyCustomerEvidenceSearchPageFromHomepage(TC02_HomePage.java:165)
at java.base/jdk.internal.reflect.DirectMethodHandleAccessor.invoke(DirectMethodHandleAccessor.java:104)
at java.base/java.lang.reflect.Method.invoke(Method.java:577)
at org.testng.internal.invokers.MethodInvocationHelper.invokeMethod(MethodInvocationHelper.java:139)
at org.testng.internal.invokers.TestInvoker.invokeMethod(TestInvoker.java:677)
at org.testng.internal.invokers.TestInvoker.invokeTestMethod(TestInvoker.java:221)
at org.testng.internal.invokers.MethodRunner.runInSequence(MethodRunner.java:50)
at org.testng.internal.invokers.TestInvoker$MethodInvocationAgent.invoke(TestInvoker.java:969)
at org.testng.internal.invokers.TestInvoker.invokeTestMethods(TestInvoker.java:194)
at org.testng.internal.invokers.TestMethodWorker.invokeTestMethods(TestMethodWorker.java:148)
at org.testng.internal.invokers.TestMethodWorker.run(TestMethodWorker.java:128)
at java.base/java.util.ArrayList.forEach(ArrayList.java:1511)
at org.testng.TestRunner.privateRun(TestRunner.java:829)
at org.testng.TestRunner.run(TestRunner.java:602)
at org.testng.SuiteRunner.runTest(SuiteRunner.java:437)
at org.testng.SuiteRunner.runSequentially(SuiteRunner.java:431)
at org.testng.SuiteRunner.privateRun(SuiteRunner.java:391)
at org.testng.SuiteRunner.run(SuiteRunner.java:330)
at org.testng.SuiteRunnerWorker.runSuite(SuiteRunnerWorker.java:52)
at org.testng.SuiteRunnerWorker.run(SuiteRunnerWorker.java:95)
at org.testng.TestNG.runSuitesSequentially(TestNG.java:1256)
at org.testng.TestNG.runSuitesLocally(TestNG.java:1176)
at org.testng.TestNG.runSuites(TestNG.java:1099)
at org.testng.TestNG.run(TestNG.java:1067)
at org.apache.maven.surefire.testng.TestNGExecutor.run(TestNGExecutor.java:283)
at org.apache.maven.surefire.testng.TestNGXmlTestSuite.execute(TestNGXmlTestSuite.java:75)
at org.apache.maven.surefire.testng.TestNGProvider.invoke(TestNGProvider.java:120)
at org.apache.maven.surefire.booter.ForkedBooter.invokeProviderInSameClassLoader(ForkedBooter.java:386)
at org.apache.maven.surefire.booter.ForkedBooter.runSuitesInProcess(ForkedBooter.java:323)
at org.apache.maven.surefire.booter.ForkedBooter.main(ForkedBooter.java:143)
]]>
            </full-stacktrace>
          </exception> <!-- java.lang.NullPointerException -->
          <reporter-output>
          </reporter-output>
        </test-method> <!-- VerifyCustomerEvidenceSearchPageFromHomepage -->
        <test-method signature="VerifyEurekaPageFromHomepage()[pri:10, instance:portfolio_test.user.TC02_HomePage@62fe6067]" started-at="2023-05-18T15:42:50 IST" name="VerifyEurekaPageFromHomepage" finished-at="2023-05-18T15:42:56 IST" duration-ms="5321" status="FAIL">
          <exception class="java.lang.AssertionError">
            <message>
              <![CDATA[expected [true] but found [false]]]>
            </message>
            <full-stacktrace>
              <![CDATA[java.lang.AssertionError: expected [true] but found [false]
at org.testng.Assert.fail(Assert.java:110)
at org.testng.Assert.failNotEquals(Assert.java:1577)
at org.testng.Assert.assertTrue(Assert.java:56)
at org.testng.Assert.assertTrue(Assert.java:66)
at portfolio_test.user.TC02_HomePage.VerifyEurekaPageFromHomepage(TC02_HomePage.java:184)
at java.base/jdk.internal.reflect.DirectMethodHandleAccessor.invoke(DirectMethodHandleAccessor.java:104)
at java.base/java.lang.reflect.Method.invoke(Method.java:577)
at org.testng.internal.invokers.MethodInvocationHelper.invokeMethod(MethodInvocationHelper.java:139)
at org.testng.internal.invokers.TestInvoker.invokeMethod(TestInvoker.java:677)
at org.testng.internal.invokers.TestInvoker.invokeTestMethod(TestInvoker.java:221)
at org.testng.internal.invokers.MethodRunner.runInSequence(MethodRunner.java:50)
at org.testng.internal.invokers.TestInvoker$MethodInvocationAgent.invoke(TestInvoker.java:969)
at org.testng.internal.invokers.TestInvoker.invokeTestMethods(TestInvoker.java:194)
at org.testng.internal.invokers.TestMethodWorker.invokeTestMethods(TestMethodWorker.java:148)
at org.testng.internal.invokers.TestMethodWorker.run(TestMethodWorker.java:128)
at java.base/java.util.ArrayList.forEach(ArrayList.java:1511)
at org.testng.TestRunner.privateRun(TestRunner.java:829)
at org.testng.TestRunner.run(TestRunner.java:602)
at org.testng.SuiteRunner.runTest(SuiteRunner.java:437)
at org.testng.SuiteRunner.runSequentially(SuiteRunner.java:431)
at org.testng.SuiteRunner.privateRun(SuiteRunner.java:391)
at org.testng.SuiteRunner.run(SuiteRunner.java:330)
at org.testng.SuiteRunnerWorker.runSuite(SuiteRunnerWorker.java:52)
at org.testng.SuiteRunnerWorker.run(SuiteRunnerWorker.java:95)
at org.testng.TestNG.runSuitesSequentially(TestNG.java:1256)
at org.testng.TestNG.runSuitesLocally(TestNG.java:1176)
at org.testng.TestNG.runSuites(TestNG.java:1099)
at org.testng.TestNG.run(TestNG.java:1067)
at org.apache.maven.surefire.testng.TestNGExecutor.run(TestNGExecutor.java:283)
at org.apache.maven.surefire.testng.TestNGXmlTestSuite.execute(TestNGXmlTestSuite.java:75)
at org.apache.maven.surefire.testng.TestNGProvider.invoke(TestNGProvider.java:120)
at org.apache.maven.surefire.booter.ForkedBooter.invokeProviderInSameClassLoader(ForkedBooter.java:386)
at org.apache.maven.surefire.booter.ForkedBooter.runSuitesInProcess(ForkedBooter.java:323)
at org.apache.maven.surefire.booter.ForkedBooter.main(ForkedBooter.java:143)
]]>
            </full-stacktrace>
          </exception> <!-- java.lang.AssertionError -->
          <reporter-output>
          </reporter-output>
        </test-method> <!-- VerifyEurekaPageFromHomepage -->
        <test-method is-config="true" signature="teardown()[pri:0, instance:portfolio_test.user.TC02_HomePage@62fe6067]" started-at="2023-05-18T15:42:56 IST" name="teardown" finished-at="2023-05-18T15:42:56 IST" duration-ms="280" status="PASS">
          <reporter-output>
          </reporter-output>
        </test-method> <!-- teardown -->
      </class> <!-- portfolio_test.user.TC02_HomePage -->
    </test> <!-- Validating all links and pages present under Home page test -->
  </suite> <!-- IS Catalauge Automation Tests -->
</testng-results>
