<?xml version="1.0" encoding="UTF-8"?>
<!-- Generated by org.testng.reporters.JUnitXMLReporter -->
<testsuite ignored="1" hostname="HJNZL000593" failures="2" tests="10" name="Validating all links and pages present under Home page test" time="131.004" errors="0" timestamp="2023-05-17T18:30:01 IST">
  <testcase classname="portfolio_test.user.TC02_HomePage" name="verifyHomepage" time="0.01"/>
  <testcase classname="portfolio_test.user.TC02_HomePage" name="verifyCatalogueNavigatorOnHomepage" time="10.36"/>
  <testcase classname="portfolio_test.user.TC02_HomePage" name="verifyCustomerEvidenceSectionOnHomepage" time="5.266"/>
  <testcase classname="portfolio_test.user.TC02_HomePage" name="verifyViewCampaignPageOnHomepage" time="13.821"/>
  <testcase classname="portfolio_test.user.TC02_HomePage" name="verifyCloudTransitionServicesPageOnHomepage" time="11.212"/>
  <testcase classname="portfolio_test.user.TC02_HomePage" name="VerifyCloudManagementOperationsPageOnHomepage" time="10.818"/>
  <testcase classname="portfolio_test.user.TC02_HomePage" name="VerifyDataStrategyPageOnHomepage" time="19.247"/>
  <testcase classname="portfolio_test.user.TC02_HomePage" name="VerifyViewalltopoffersPageOnHomepage" time="11.988"/>
  <testcase classname="portfolio_test.user.TC02_HomePage" name="VerifyCustomerEvidenceSearchPageFromHomepage" time="5.472">
    <failure type="java.lang.NullPointerException" message="Cannot invoke &amp;quot;java.time.temporal.TemporalAmount.addTo(java.time.temporal.Temporal)&amp;quot; because &amp;quot;amountToAdd&amp;quot; is null">
      <![CDATA[java.lang.NullPointerException: Cannot invoke "java.time.temporal.TemporalAmount.addTo(java.time.temporal.Temporal)" because "amountToAdd" is null
at java.base/java.time.Instant.plus(Instant.java:790)
at org.openqa.selenium.support.ui.FluentWait.until(FluentWait.java:203)
at resources.Utilities.waitForElementToBeVisible(Utilities.java:147)
at pageObjects.HomePage.CustomerEvidenceSearchResultwaitForElementToBeVisible(HomePage.java:141)
at portfolio_test.user.TC02_HomePage.VerifyCustomerEvidenceSearchPageFromHomepage(TC02_HomePage.java:165)
at java.base/java.util.ArrayList.forEach(ArrayList.java:1511)
... Removed 25 stack frames]]>
    </failure>
  </testcase> <!-- VerifyCustomerEvidenceSearchPageFromHomepage -->
  <testcase classname="portfolio_test.user.TC02_HomePage" name="VerifyEurekaPageFromHomepage" time="5.487">
    <failure type="java.lang.AssertionError" message="expected [true] but found [false]">
      <![CDATA[java.lang.AssertionError: expected [true] but found [false]
at portfolio_test.user.TC02_HomePage.VerifyEurekaPageFromHomepage(TC02_HomePage.java:184)
at java.base/java.util.ArrayList.forEach(ArrayList.java:1511)
... Removed 29 stack frames]]>
    </failure>
  </testcase> <!-- VerifyEurekaPageFromHomepage -->
  <testcase classname="portfolio_test.user.TC02_HomePage" name="testBrokenLinks" time="0.0">
    <ignored/>
  </testcase> <!-- testBrokenLinks -->
</testsuite> <!-- Validating all links and pages present under Home page test -->
